<?xml version="1.0" encoding="UTF-8"?>
<!-- Generated by org.testng.reporters.JUnitReportReporter -->
<testsuite skipped="1" hostname="HS-14048868" name="com.bddframework.TestRunner.TestRunner" tests="1" failures="0" timestamp="2020-10-10T09:45:21 IST" time="0.000" errors="0">
  <testcase name="feature" time="0.000" classname="com.bddframework.TestRunner.TestRunner">
    <skipped/>
  </testcase> <!-- feature -->
  <system-out/>
</testsuite> <!-- com.bddframework.TestRunner.TestRunner -->
